('start', 0)
('var', 0)
('IDENTIFIER', (23, 0))
(':', 0)
('int', 0)
(';', 0)
('var', 0)
('IDENTIFIER', (24, 0))
(':', 0)
('int', 0)
(';', 0)
('var', 0)
('IDENTIFIER', (25, 0))
(':', 0)
('int', 0)
(';', 0)
('read', 0)
('(', 0)
('IDENTIFIER', (23, 0))
(')', 0)
(';', 0)
('read', 0)
('(', 0)
('IDENTIFIER', (24, 0))
(')', 0)
(';', 0)
('read', 0)
('(', 0)
('IDENTIFIER', (25, 0))
(')', 0)
(';', 0)
('var', 0)
('IDENTIFIER', (30, 0))
(':', 0)
('int', 0)
('=', 0)
('CONST', (34, 0))
(';', 0)
('var', 0)
('IDENTIFIER', (30, 0))
(':', 0)
('int', 0)
('=', 0)
('CONST', (28, 0))
(';', 0)
('if', 0)
('(', 0)
('IDENTIFIER', (30, 0))
('<', 0)
('IDENTIFIER', (24, 0))
(')', 0)
('then', 0)
('{', 0)
('IDENTIFIER', (30, 0))
('=', 0)
('IDENTIFIER', (24, 0))
(';', 0)
('}', 0)
('if', 0)
('(', 0)
('IDENTIFIER', (30, 0))
('<=', 0)
('IDENTIFIER', (25, 0))
(')', 0)
('then', 0)
('{', 0)
('IDENTIFIER', (30, 0))
('=', 0)
('IDENTIFIER', (25, 0))
(';', 0)
('}', 0)
('print', 0)
('(', 0)
('CONST', (29, 0))
(')', 0)
(';', 0)
('print', 0)
('(', 0)
('IDENTIFIER', (30, 0))
(')', 0)
(';', 0)
('finish', 0)
